<?xml version="1.0" encoding="UTF-8"?>
<!-- Generated by org.testng.reporters.JUnitXMLReporter -->
<testsuite hostname="DT-AKASHM" ignored="2" name="Default test" tests="3" failures="0" timestamp="01 Sep 2017 08:47:00 GMT" time="15.769" errors="0">
  <testcase name="TC_002" time="0.191" classname="com.selenium.test.functional.DatePickerUC"/>
  <testcase name="TC_003" time="0.148" classname="com.selenium.test.functional.DatePickerUC"/>
  <testcase name="TC_004" time="8.004" classname="com.selenium.test.functional.DatePickerUC"/>
  <testcase name="TC_001" time="0.0" classname="com.selenium.test.functional.DatePickerUC">
    <ignored/>
  </testcase> <!-- TC_001 -->
  <testcase name="TC_005" time="0.0" classname="com.selenium.test.functional.DatePickerUC">
    <ignored/>
  </testcase> <!-- TC_005 -->
</testsuite> <!-- Default test -->
