<?xml version="1.0" encoding="UTF-8"?>
<!-- Generated by org.testng.reporters.JUnitXMLReporter -->
<testsuite hostname="DT-AKASHM" ignored="0" name="Default test" tests="4" failures="0" timestamp="01 Aug 2017 13:27:00 GMT" time="19.802" errors="0">
  <testcase name="TC_001" time="0.028" classname="com.selenium.test.functional.DatePickerUC"/>
  <testcase name="TC_002" time="0.22" classname="com.selenium.test.functional.DatePickerUC"/>
  <testcase name="TC_003" time="0.121" classname="com.selenium.test.functional.DatePickerUC"/>
  <testcase name="TC_004" time="8.188" classname="com.selenium.test.functional.DatePickerUC">
    <skipped/>
  </testcase> <!-- TC_004 -->
</testsuite> <!-- Default test -->
